<?xml version="1.0" encoding="UTF-8"?>
<testng-results ignored="0" total="1" passed="1" failed="0" skipped="0">
  <reporter-output>
  </reporter-output>
  <suite started-at="2025-10-29T15:20:34 WIB" name="Surefire suite" finished-at="2025-10-29T15:21:24 WIB" duration-ms="50009">
    <groups>
      <group name="cucumber">
        <method signature="AbstractTestNGCucumberTests.runScenario(io.cucumber.testng.PickleWrapper,io.cucumber.testng.FeatureWrapper)[pri:0, instance:runner.TestRunner@3c9d0b9d]" name="runScenario" class="io.cucumber.testng.AbstractTestNGCucumberTests"/>
      </group> <!-- cucumber -->
    </groups>
    <test started-at="2025-10-29T15:20:34 WIB" name="Surefire test" finished-at="2025-10-29T15:21:24 WIB" duration-ms="50009">
      <class name="runner.TestRunner">
        <test-method is-config="true" signature="setUpClass(org.testng.ITestContext)[pri:0, instance:runner.TestRunner@3c9d0b9d]" started-at="2025-10-29T15:20:34 WIB" name="setUpClass" finished-at="2025-10-29T15:20:35 WIB" duration-ms="714" status="PASS">
          <params>
            <param index="0">
              <value>
                <![CDATA[org.testng.TestRunner@7139bd31]]>
              </value>
            </param>
          </params>
          <reporter-output>
          </reporter-output>
        </test-method> <!-- setUpClass -->
        <test-method signature="runScenario(io.cucumber.testng.PickleWrapper,io.cucumber.testng.FeatureWrapper)[pri:0, instance:runner.TestRunner@3c9d0b9d]" started-at="2025-10-29T15:20:35 WIB" name="runScenario" description="Runs Cucumber Scenarios" data-provider="scenarios" finished-at="2025-10-29T15:21:24 WIB" duration-ms="49152" status="PASS">
          <params>
            <param index="0">
              <value>
                <![CDATA["User books a flight from Jakarta to Singapore"]]>
              </value>
            </param>
            <param index="1">
              <value>
                <![CDATA["Booking Flight in Agoda"]]>
              </value>
            </param>
          </params>
          <reporter-output>
          </reporter-output>
        </test-method> <!-- runScenario -->
        <test-method is-config="true" signature="tearDownClass()[pri:0, instance:runner.TestRunner@3c9d0b9d]" started-at="2025-10-29T15:21:24 WIB" name="tearDownClass" finished-at="2025-10-29T15:21:24 WIB" duration-ms="82" status="PASS">
          <reporter-output>
          </reporter-output>
        </test-method> <!-- tearDownClass -->
      </class> <!-- runner.TestRunner -->
    </test> <!-- Surefire test -->
  </suite> <!-- Surefire suite -->
</testng-results>
