<?xml version="1.0" encoding="UTF-8"?>
<testng-results ignored="0" total="1" passed="1" failed="0" skipped="0">
  <reporter-output>
  </reporter-output>
  <suite started-at="2025-10-29T10:16:45 WIB" name="Surefire suite" finished-at="2025-10-29T10:17:25 WIB" duration-ms="39734">
    <groups>
      <group name="cucumber">
        <method signature="AbstractTestNGCucumberTests.runScenario(io.cucumber.testng.PickleWrapper,io.cucumber.testng.FeatureWrapper)[pri:0, instance:runner.TestRunner@1a0dcaa]" name="runScenario" class="io.cucumber.testng.AbstractTestNGCucumberTests"/>
      </group> <!-- cucumber -->
    </groups>
    <test started-at="2025-10-29T10:16:45 WIB" name="Surefire test" finished-at="2025-10-29T10:17:25 WIB" duration-ms="39734">
      <class name="runner.TestRunner">
        <test-method is-config="true" signature="setUpClass(org.testng.ITestContext)[pri:0, instance:runner.TestRunner@1a0dcaa]" started-at="2025-10-29T10:16:45 WIB" name="setUpClass" finished-at="2025-10-29T10:16:46 WIB" duration-ms="784" status="PASS">
          <params>
            <param index="0">
              <value>
                <![CDATA[org.testng.TestRunner@107f4980]]>
              </value>
            </param>
          </params>
          <reporter-output>
          </reporter-output>
        </test-method> <!-- setUpClass -->
        <test-method signature="runScenario(io.cucumber.testng.PickleWrapper,io.cucumber.testng.FeatureWrapper)[pri:0, instance:runner.TestRunner@1a0dcaa]" started-at="2025-10-29T10:16:46 WIB" name="runScenario" description="Runs Cucumber Scenarios" data-provider="scenarios" finished-at="2025-10-29T10:17:25 WIB" duration-ms="38799" status="PASS">
          <params>
            <param index="0">
              <value>
                <![CDATA["User books a flight from Jakarta to Singapore"]]>
              </value>
            </param>
            <param index="1">
              <value>
                <![CDATA["Booking Flight in Agoda"]]>
              </value>
            </param>
          </params>
          <reporter-output>
          </reporter-output>
        </test-method> <!-- runScenario -->
        <test-method is-config="true" signature="tearDownClass()[pri:0, instance:runner.TestRunner@1a0dcaa]" started-at="2025-10-29T10:17:25 WIB" name="tearDownClass" finished-at="2025-10-29T10:17:25 WIB" duration-ms="87" status="PASS">
          <reporter-output>
          </reporter-output>
        </test-method> <!-- tearDownClass -->
      </class> <!-- runner.TestRunner -->
    </test> <!-- Surefire test -->
  </suite> <!-- Surefire suite -->
</testng-results>
